+++++++Run02.root++++++++++++
** Chain contains 484902 events

0%   10   20   30   40   50   60   70   80   90   100%
|----|----|----|----|----|----|----|----|----|----|
***************************************************


Total 484902
Survived 46704
Efficiency 0.096316
0 1 0
1 1 16396
2 1 79888
3 1 5509
4 1 68675
5 1 54049
6 1 10726
7 1 84479
8 1 86383
9 1 32093
22272
46704
375   108.362 +- 1.84034
525   130.303 +- 2.01808
700   177.873 +- 2.35785
900   162.965 +- 2.25688
1100   91.9215 +- 1.695
10600   24.6916 +- 0.878488
+++++++Run03.root++++++++++++
** Chain contains 483318 events

0%   10   20   30   40   50   60   70   80   90   100%
|----|----|----|----|----|----|----|----|----|----|
****************************************